0 info it worked if it ends with ok
1 verbose cli [ 'D:\\06.1\\nodejs\\node.exe',
1 verbose cli   'D:\\06.1\\nodejs\\node_modules\\npm\\bin\\npm-cli.js',
1 verbose cli   'start' ]
2 info using npm@3.6.0
3 info using node@v5.7.0
4 verbose run-script [ 'prestart', 'start', 'poststart' ]
5 info lifecycle Mean_test@1.0.0~prestart: Mean_test@1.0.0
6 silly lifecycle Mean_test@1.0.0~prestart: no script for prestart, continuing
7 info lifecycle Mean_test@1.0.0~start: Mean_test@1.0.0
8 verbose lifecycle Mean_test@1.0.0~start: unsafe-perm in lifecycle true
9 verbose lifecycle Mean_test@1.0.0~start: PATH: D:\06.1\nodejs\node_modules\npm\bin\node-gyp-bin;D:\06. Entwicklung\03. WEB DESIGN\PROJECTS\02. TESTS\Mean_test\node_modules\.bin;C:\Users\RAUL\bin;C:\Users\RAUL\AppData\Local\Programs\Git\mingw64\bin;C:\Users\RAUL\AppData\Local\Programs\Git\usr\local\bin;C:\Users\RAUL\AppData\Local\Programs\Git\usr\bin;C:\Users\RAUL\AppData\Local\Programs\Git\usr\bin;C:\Users\RAUL\AppData\Local\Programs\Git\mingw64\bin;C:\Users\RAUL\AppData\Local\Programs\Git\usr\bin;C:\Users\RAUL\bin;D:\06.1\Python27;D:\06.1\Python27\Scripts;C:\ProgramData\Oracle\Java\javapath;C:\Python27\Lib\site-packages\PyQt4;C:\Program Files\Common Files\Microsoft Shared\Windows Live;C:\Program Files (x86)\Common Files\Microsoft Shared\Windows Live;C:\windows\system32;C:\windows;C:\windows\System32\Wbem;C:\windows\System32\WindowsPowerShell\v1.0;C:\Program Files (x86)\Windows Live\Shared;C:\Program Files (x86)\Microsoft SQL Server\100\Tools\Binn;C:\Program Files\Microsoft SQL Server\100\Tools\Binn;C:\Program Files\Microsoft SQL Server\100\DTS\Binn;C:\Program Files\Java\jdk1.8.0_31\jre\bin;C:\Program Files (x86)\Common Files\Acronis\SnapAPI;C:\Python27;C:\mongodb\bin;C:\Users\RAUL\Downloads\apache-maven-3.0.5\bin;C:\Program Files (x86)\Subversion\bin;C:\Users\RAUL\Downloads\apache-ant-1.9.2\bin;C:\Program Files (x86)\GNU\GnuPG\pub;C:\Program Files (x86)\Calibre2;C:\Program Files (x86)\Skype\Phone;C:\Program Files (x86)\QuickTime\QTSystem;D:\06.1\nodejs;%AppData%\npm;D:\06.1\Ruby22-x64\bin;D:\06. Entwicklung\IDE\Ruby22-x64\bin;C:\Users\RAUL\AppData\Local\Google\Chrome\Application;C:\ProgramData\Oracle\Java\javapath;C:\Python27\Lib\site-packages\PyQt4;C:\Program Files\Common Files\Microsoft Shared\Windows Live;C:\Program Files (x86)\Common Files\Microsoft Shared\Windows Live;C:\windows\system32;C:\windows;C:\windows\System32\Wbem;C:\windows\System32\WindowsPowerShell\v1.0;C:\Program Files (x86)\Windows Live\Shared;C:\Program Files (x86)\Microsoft SQL Server\100\Tools\Binn;C:\Program Files\Microsoft SQL Server\100\Tools\Binn;C:\Program Files\Microsoft SQL Server\100\DTS\Binn;C:\Program Files\Java\jdk1.8.0_31\jre\bin;C:\Program Files (x86)\Common Files\Acronis\SnapAPI;C:\Python27;C:\mongodb\bin;C:\Users\RAUL\Downloads\apache-maven-3.0.5\bin;C:\Program Files (x86)\Subversion\bin;C:\Users\RAUL\Downloads\apache-ant-1.9.2\bin;C:\Program Files (x86)\GNU\GnuPG\pub;C:\Program Files (x86)\Calibre2;C:\Program Files (x86)\QuickTime\QTSystem;C:\Program Files (x86)\Skype\Phone;C:\Users\RAUL\AppData;C:\Users\RAUL\AppData\Roaming\npm;C:\Users\RAUL\AppData\Local\Programs\Git\usr\bin\vendor_perl;C:\Users\RAUL\AppData\Local\Programs\Git\usr\bin\core_perl
10 verbose lifecycle Mean_test@1.0.0~start: CWD: D:\06. Entwicklung\03. WEB DESIGN\PROJECTS\02. TESTS\Mean_test
11 silly lifecycle Mean_test@1.0.0~start: Args: [ '/d /s /c', 'node ./bin/www' ]
12 silly lifecycle Mean_test@1.0.0~start: Returned: code: 1  signal: null
13 info lifecycle Mean_test@1.0.0~start: Failed to exec start script
14 verbose stack Error: Mean_test@1.0.0 start: `node ./bin/www`
14 verbose stack Exit status 1
14 verbose stack     at EventEmitter.<anonymous> (D:\06.1\nodejs\node_modules\npm\lib\utils\lifecycle.js:232:16)
14 verbose stack     at emitTwo (events.js:100:13)
14 verbose stack     at EventEmitter.emit (events.js:185:7)
14 verbose stack     at ChildProcess.<anonymous> (D:\06.1\nodejs\node_modules\npm\lib\utils\spawn.js:24:14)
14 verbose stack     at emitTwo (events.js:100:13)
14 verbose stack     at ChildProcess.emit (events.js:185:7)
14 verbose stack     at maybeClose (internal/child_process.js:827:16)
14 verbose stack     at Process.ChildProcess._handle.onexit (internal/child_process.js:211:5)
15 verbose pkgid Mean_test@1.0.0
16 verbose cwd D:\06. Entwicklung\03. WEB DESIGN\PROJECTS\02. TESTS\Mean_test
17 error Windows_NT 6.1.7601
18 error argv "D:\\06.1\\nodejs\\node.exe" "D:\\06.1\\nodejs\\node_modules\\npm\\bin\\npm-cli.js" "start"
19 error node v5.7.0
20 error npm  v3.6.0
21 error code ELIFECYCLE
22 error Mean_test@1.0.0 start: `node ./bin/www`
22 error Exit status 1
23 error Failed at the Mean_test@1.0.0 start script 'node ./bin/www'.
23 error Make sure you have the latest version of node.js and npm installed.
23 error If you do, this is most likely a problem with the Mean_test package,
23 error not with npm itself.
23 error Tell the author that this fails on your system:
23 error     node ./bin/www
23 error You can get information on how to open an issue for this project with:
23 error     npm bugs Mean_test
23 error Or if that isn't available, you can get their info via:
23 error     npm owner ls Mean_test
23 error There is likely additional logging output above.
24 verbose exit [ 1, true ]
